<html>
<head>
<title>TestNG:  Default test</title>
<link href="../testng.css" rel="stylesheet" type="text/css" />
<link href="../my-testng.css" rel="stylesheet" type="text/css" />

<style type="text/css">
.log { display: none;} 
.stack-trace { display: none;} 
</style>
<script type="text/javascript">
<!--
function flip(e) {
  current = e.style.display;
  if (current == 'block') {
    e.style.display = 'none';
    return 0;
  }
  else {
    e.style.display = 'block';
    return 1;
  }
}

function toggleBox(szDivId, elem, msg1, msg2)
{
  var res = -1;  if (document.getElementById) {
    res = flip(document.getElementById(szDivId));
  }
  else if (document.all) {
    // this is the way old msie versions work
    res = flip(document.all[szDivId]);
  }
  if(elem) {
    if(res == 0) elem.innerHTML = msg1; else elem.innerHTML = msg2;
  }

}

function toggleAllBoxes() {
  if (document.getElementsByTagName) {
    d = document.getElementsByTagName('div');
    for (i = 0; i < d.length; i++) {
      if (d[i].className == 'log') {
        flip(d[i]);
      }
    }
  }
}

// -->
</script>

</head>
<body>
<h2 align='center'>Default test</h2><table border='1' align="center">
<tr>
<td>Tests passed/Failed/Skipped:</td><td>43/1/0</td>
</tr><tr>
<td>Started on:</td><td>Thu Nov 07 14:53:47 IST 2024</td>
</tr>
<tr><td>Total time:</td><td>280 seconds (280531 ms)</td>
</tr><tr>
<td>Included groups:</td><td></td>
</tr><tr>
<td>Excluded groups:</td><td></td>
</tr>
</table><p/>
<small><i>(Hover the method name to see the test class name)</i></small><p/>
<table width='100%' border='1' class='invocation-failed'>
<tr><td colspan='4' align='center'><b>FAILED TESTS</b></td></tr>
<tr><td><b>Test method</b></td>
<td><b>Attribute(s)</b></td>
<td width="30%"><b>Exception</b></td>
<td width="10%"><b>Time (seconds)</b></td>
<td><b>Instance</b></td>
</tr>
<tr>
<td title='Amity.Online.Module1_FunctionalTesting.AmityLogo()'><b>AmityLogo</b><br>Test class: Amity.Online.Module1_FunctionalTesting</td>
<td><div><pre>java.lang.AssertionError: expected [true] but found [false]
	at org.testng.Assert.fail(Assert.java:111)
	at org.testng.Assert.failNotEquals(Assert.java:1578)
	at org.testng.Assert.assertTrue(Assert.java:57)
	at org.testng.Assert.assertTrue(Assert.java:67)
	at Amity.Online.Module1_FunctionalTesting.AmityLogo(Module1_FunctionalTesting.java:93)
	at java.base/jdk.internal.reflect.DirectMethodHandleAccessor.invoke(DirectMethodHandleAccessor.java:103)
	at java.base/java.lang.reflect.Method.invoke(Method.java:580)
	at org.testng.internal.invokers.MethodInvocationHelper.invokeMethod(MethodInvocationHelper.java:139)
	at org.testng.internal.invokers.TestInvoker.invokeMethod(TestInvoker.java:664)
	at org.testng.internal.invokers.TestInvoker.invokeTestMethod(TestInvoker.java:228)
	at org.testng.internal.invokers.MethodRunner.runInSequence(MethodRunner.java:63)
	at org.testng.internal.invokers.TestInvoker$MethodInvocationAgent.invoke(TestInvoker.java:961)
	at org.testng.internal.invokers.TestInvoker.invokeTestMethods(TestInvoker.java:201)
	at org.testng.internal.invokers.TestMethodWorker.invokeTestMethods(TestMethodWorker.java:148)
	at org.testng.internal.invokers.TestMethodWorker.run(TestMethodWorker.java:128)
	at java.base/java.util.ArrayList.forEach(ArrayList.java:1597)
	at org.testng.TestRunner.privateRun(TestRunner.java:819)
	at org.testng.TestRunner.run(TestRunner.java:619)
	at org.testng.SuiteRunner.runTest(SuiteRunner.java:443)
	at org.testng.SuiteRunner.runSequentially(SuiteRunner.java:437)
	at org.testng.SuiteRunner.privateRun(SuiteRunner.java:397)
	at org.testng.SuiteRunner.run(SuiteRunner.java:336)
	at org.testng.SuiteRunnerWorker.runSuite(SuiteRunnerWorker.java:52)
	at org.testng.SuiteRunnerWorker.run(SuiteRunnerWorker.java:95)
	at org.testng.TestNG.runSuitesSequentially(TestNG.java:1301)
	at org.testng.TestNG.runSuitesLocally(TestNG.java:1228)
	at org.testng.TestNG.runSuites(TestNG.java:1134)
	at org.testng.TestNG.run(TestNG.java:1101)
	at org.testng.remote.AbstractRemoteTestNG.run(AbstractRemoteTestNG.java:115)
	at org.testng.remote.RemoteTestNG.initAndRun(RemoteTestNG.java:293)
	at org.testng.remote.RemoteTestNG.main(RemoteTestNG.java:91)
</pre></div><a href='#' onClick='toggleBox("stack-trace1825228532", this, "Click to show all stack frames", "Click to hide stack frames")'>Click to show all stack frames</a>
<div class='stack-trace' id='stack-trace1825228532'><pre>java.lang.AssertionError: expected [true] but found [false]
	at org.testng.Assert.fail(Assert.java:111)
	at org.testng.Assert.failNotEquals(Assert.java:1578)
	at org.testng.Assert.assertTrue(Assert.java:57)
	at org.testng.Assert.assertTrue(Assert.java:67)
	at Amity.Online.Module1_FunctionalTesting.AmityLogo(Module1_FunctionalTesting.java:93)
	at java.base/jdk.internal.reflect.DirectMethodHandleAccessor.invoke(DirectMethodHandleAccessor.java:103)
	at java.base/java.lang.reflect.Method.invoke(Method.java:580)
	at org.testng.internal.invokers.MethodInvocationHelper.invokeMethod(MethodInvocationHelper.java:139)
	at org.testng.internal.invokers.TestInvoker.invokeMethod(TestInvoker.java:664)
	at org.testng.internal.invokers.TestInvoker.invokeTestMethod(TestInvoker.java:228)
	at org.testng.internal.invokers.MethodRunner.runInSequence(MethodRunner.java:63)
	at org.testng.internal.invokers.TestInvoker$MethodInvocationAgent.invoke(TestInvoker.java:961)
	at org.testng.internal.invokers.TestInvoker.invokeTestMethods(TestInvoker.java:201)
	at org.testng.internal.invokers.TestMethodWorker.invokeTestMethods(TestMethodWorker.java:148)
	at org.testng.internal.invokers.TestMethodWorker.run(TestMethodWorker.java:128)
	at java.base/java.util.ArrayList.forEach(ArrayList.java:1597)
	at org.testng.TestRunner.privateRun(TestRunner.java:819)
	at org.testng.TestRunner.run(TestRunner.java:619)
	at org.testng.SuiteRunner.runTest(SuiteRunner.java:443)
	at org.testng.SuiteRunner.runSequentially(SuiteRunner.java:437)
	at org.testng.SuiteRunner.privateRun(SuiteRunner.java:397)
	at org.testng.SuiteRunner.run(SuiteRunner.java:336)
	at org.testng.SuiteRunnerWorker.runSuite(SuiteRunnerWorker.java:52)
	at org.testng.SuiteRunnerWorker.run(SuiteRunnerWorker.java:95)
	at org.testng.TestNG.runSuitesSequentially(TestNG.java:1301)
	at org.testng.TestNG.runSuitesLocally(TestNG.java:1228)
	at org.testng.TestNG.runSuites(TestNG.java:1134)
	at org.testng.TestNG.run(TestNG.java:1101)
	at org.testng.remote.AbstractRemoteTestNG.run(AbstractRemoteTestNG.java:115)
	at org.testng.remote.RemoteTestNG.initAndRun(RemoteTestNG.java:293)
	at org.testng.remote.RemoteTestNG.main(RemoteTestNG.java:91)
</pre></div></td>
<td>0</td>
<td>Amity.Online.Module1_FunctionalTesting@6cd24612</td></tr>
</table><p>
<table width='100%' border='1' class='invocation-passed'>
<tr><td colspan='4' align='center'><b>PASSED TESTS</b></td></tr>
<tr><td><b>Test method</b></td>
<td><b>Attribute(s)</b></td>
<td width="30%"><b>Exception</b></td>
<td width="10%"><b>Time (seconds)</b></td>
<td><b>Instance</b></td>
</tr>
<tr>
<td title='Amity.Online.Module1_FunctionalTesting.CallusHeaderButton()'><b>CallusHeaderButton</b><br>Test class: Amity.Online.Module1_FunctionalTesting</td>
<td></td>
<td>3</td>
<td>Amity.Online.Module1_FunctionalTesting@6cd24612</td></tr>
<tr>
<td title='Amity.Online.Module1_FunctionalTesting.Leadership()'><b>Leadership</b><br>Test class: Amity.Online.Module1_FunctionalTesting</td>
<td></td>
<td>4</td>
<td>Amity.Online.Module1_FunctionalTesting@6cd24612</td></tr>
<tr>
<td title='Amity.Online.Module1_FunctionalTesting.BachelorOfCommerceHonours()'><b>BachelorOfCommerceHonours</b><br>Test class: Amity.Online.Module1_FunctionalTesting</td>
<td></td>
<td>3</td>
<td>Amity.Online.Module1_FunctionalTesting@6cd24612</td></tr>
<tr>
<td title='Amity.Online.Module1_FunctionalTesting.BachelorofArtKannadaMedium()'><b>BachelorofArtKannadaMedium</b><br>Test class: Amity.Online.Module1_FunctionalTesting</td>
<td></td>
<td>4</td>
<td>Amity.Online.Module1_FunctionalTesting@6cd24612</td></tr>
<tr>
<td title='Amity.Online.Module1_FunctionalTesting.IntellectualProperty()'><b>IntellectualProperty</b><br>Test class: Amity.Online.Module1_FunctionalTesting</td>
<td></td>
<td>8</td>
<td>Amity.Online.Module1_FunctionalTesting@6cd24612</td></tr>
<tr>
<td title='Amity.Online.Module1_FunctionalTesting.Media()'><b>Media</b><br>Test class: Amity.Online.Module1_FunctionalTesting</td>
<td></td>
<td>7</td>
<td>Amity.Online.Module1_FunctionalTesting@6cd24612</td></tr>
<tr>
<td title='Amity.Online.Module1_FunctionalTesting.UGCApprovals()'><b>UGCApprovals</b><br>Test class: Amity.Online.Module1_FunctionalTesting</td>
<td></td>
<td>4</td>
<td>Amity.Online.Module1_FunctionalTesting@6cd24612</td></tr>
<tr>
<td title='Amity.Online.Module1_FunctionalTesting.Resource()'><b>Resource</b><br>Test class: Amity.Online.Module1_FunctionalTesting</td>
<td></td>
<td>7</td>
<td>Amity.Online.Module1_FunctionalTesting@6cd24612</td></tr>
<tr>
<td title='Amity.Online.Module1_FunctionalTesting.AdvantagesHeaderButton()'><b>AdvantagesHeaderButton</b><br>Test class: Amity.Online.Module1_FunctionalTesting</td>
<td></td>
<td>0</td>
<td>Amity.Online.Module1_FunctionalTesting@6cd24612</td></tr>
<tr>
<td title='Amity.Online.Module1_FunctionalTesting.StudentSupport()'><b>StudentSupport</b><br>Test class: Amity.Online.Module1_FunctionalTesting</td>
<td></td>
<td>6</td>
<td>Amity.Online.Module1_FunctionalTesting@6cd24612</td></tr>
<tr>
<td title='Amity.Online.Module1_FunctionalTesting.BachelorofArtsHindiMedium()'><b>BachelorofArtsHindiMedium</b><br>Test class: Amity.Online.Module1_FunctionalTesting</td>
<td></td>
<td>3</td>
<td>Amity.Online.Module1_FunctionalTesting@6cd24612</td></tr>
<tr>
<td title='Amity.Online.Module1_FunctionalTesting.StudentStories()'><b>StudentStories</b><br>Test class: Amity.Online.Module1_FunctionalTesting</td>
<td></td>
<td>4</td>
<td>Amity.Online.Module1_FunctionalTesting@6cd24612</td></tr>
<tr>
<td title='Amity.Online.Module1_FunctionalTesting.BachelorofArtsTamilMedium()'><b>BachelorofArtsTamilMedium</b><br>Test class: Amity.Online.Module1_FunctionalTesting</td>
<td></td>
<td>4</td>
<td>Amity.Online.Module1_FunctionalTesting@6cd24612</td></tr>
<tr>
<td title='Amity.Online.Module1_FunctionalTesting.ApplyNowButtonBlueBanner()'><b>ApplyNowButtonBlueBanner</b><br>Test class: Amity.Online.Module1_FunctionalTesting</td>
<td></td>
<td>4</td>
<td>Amity.Online.Module1_FunctionalTesting@6cd24612</td></tr>
<tr>
<td title='Amity.Online.Module1_FunctionalTesting.ViewAllLatestBlog()'><b>ViewAllLatestBlog</b><br>Test class: Amity.Online.Module1_FunctionalTesting</td>
<td></td>
<td>0</td>
<td>Amity.Online.Module1_FunctionalTesting@6cd24612</td></tr>
<tr>
<td title='Amity.Online.Module1_FunctionalTesting.Callusicon()'><b>Callusicon</b><br>Test class: Amity.Online.Module1_FunctionalTesting</td>
<td></td>
<td>7</td>
<td>Amity.Online.Module1_FunctionalTesting@6cd24612</td></tr>
<tr>
<td title='Amity.Online.Module1_FunctionalTesting.BachelorofCommerce()'><b>BachelorofCommerce</b><br>Test class: Amity.Online.Module1_FunctionalTesting</td>
<td></td>
<td>3</td>
<td>Amity.Online.Module1_FunctionalTesting@6cd24612</td></tr>
<tr>
<td title='Amity.Online.Module1_FunctionalTesting.StudentLoginHeaderButton()'><b>StudentLoginHeaderButton</b><br>Test class: Amity.Online.Module1_FunctionalTesting</td>
<td></td>
<td>2</td>
<td>Amity.Online.Module1_FunctionalTesting@6cd24612</td></tr>
<tr>
<td title='Amity.Online.Module1_FunctionalTesting.Aboutus()'><b>Aboutus</b><br>Test class: Amity.Online.Module1_FunctionalTesting</td>
<td></td>
<td>4</td>
<td>Amity.Online.Module1_FunctionalTesting@6cd24612</td></tr>
<tr>
<td title='Amity.Online.Module1_FunctionalTesting.BComwithSpecializationinInternationalFinanceandAccounting()'><b>BComwithSpecializationinInternationalFinanceandAccounting</b><br>Test class: Amity.Online.Module1_FunctionalTesting</td>
<td></td>
<td>4</td>
<td>Amity.Online.Module1_FunctionalTesting@6cd24612</td></tr>
<tr>
<td title='Amity.Online.Module1_FunctionalTesting.RequestAcallButton()'><b>RequestAcallButton</b><br>Test class: Amity.Online.Module1_FunctionalTesting</td>
<td></td>
<td>3</td>
<td>Amity.Online.Module1_FunctionalTesting@6cd24612</td></tr>
<tr>
<td title='Amity.Online.Module1_FunctionalTesting.BCAwithspecializationinCloudandSecurity()'><b>BCAwithspecializationinCloudandSecurity</b><br>Test class: Amity.Online.Module1_FunctionalTesting</td>
<td></td>
<td>4</td>
<td>Amity.Online.Module1_FunctionalTesting@6cd24612</td></tr>
<tr>
<td title='Amity.Online.Module1_FunctionalTesting.BachelorofBusinessAdministration()'><b>BachelorofBusinessAdministration</b><br>Test class: Amity.Online.Module1_FunctionalTesting</td>
<td></td>
<td>3</td>
<td>Amity.Online.Module1_FunctionalTesting@6cd24612</td></tr>
<tr>
<td title='Amity.Online.Module1_FunctionalTesting.WhatsappIcon()'><b>WhatsappIcon</b><br>Test class: Amity.Online.Module1_FunctionalTesting</td>
<td></td>
<td>3</td>
<td>Amity.Online.Module1_FunctionalTesting@6cd24612</td></tr>
<tr>
<td title='Amity.Online.Module1_FunctionalTesting.BachelorofComputerApplications()'><b>BachelorofComputerApplications</b><br>Test class: Amity.Online.Module1_FunctionalTesting</td>
<td></td>
<td>4</td>
<td>Amity.Online.Module1_FunctionalTesting@6cd24612</td></tr>
<tr>
<td title='Amity.Online.Module1_FunctionalTesting.CareerServicesHeaderButton()'><b>CareerServicesHeaderButton</b><br>Test class: Amity.Online.Module1_FunctionalTesting</td>
<td></td>
<td>2</td>
<td>Amity.Online.Module1_FunctionalTesting@6cd24612</td></tr>
<tr>
<td title='Amity.Online.Module1_FunctionalTesting.SearchHeaderButton()'><b>SearchHeaderButton</b><br>Test class: Amity.Online.Module1_FunctionalTesting</td>
<td></td>
<td>0</td>
<td>Amity.Online.Module1_FunctionalTesting@6cd24612</td></tr>
<tr>
<td title='Amity.Online.Module1_FunctionalTesting.ViewAllStayInformed()'><b>ViewAllStayInformed</b><br>Test class: Amity.Online.Module1_FunctionalTesting</td>
<td></td>
<td>1</td>
<td>Amity.Online.Module1_FunctionalTesting@6cd24612</td></tr>
<tr>
<td title='Amity.Online.Module1_FunctionalTesting.BachelorofArts()'><b>BachelorofArts</b><br>Test class: Amity.Online.Module1_FunctionalTesting</td>
<td></td>
<td>3</td>
<td>Amity.Online.Module1_FunctionalTesting@6cd24612</td></tr>
<tr>
<td title='Amity.Online.Module1_FunctionalTesting.ApplyNowHeaderButton()'><b>ApplyNowHeaderButton</b><br>Test class: Amity.Online.Module1_FunctionalTesting</td>
<td></td>
<td>6</td>
<td>Amity.Online.Module1_FunctionalTesting@6cd24612</td></tr>
<tr>
<td title='Amity.Online.Module1_FunctionalTesting.ApplyNowHerocardButton()'><b>ApplyNowHerocardButton</b><br>Test class: Amity.Online.Module1_FunctionalTesting</td>
<td></td>
<td>5</td>
<td>Amity.Online.Module1_FunctionalTesting@6cd24612</td></tr>
<tr>
<td title='Amity.Online.Module1_FunctionalTesting.BachelorofArtsJournalismandMasscommunication()'><b>BachelorofArtsJournalismandMasscommunication</b><br>Test class: Amity.Online.Module1_FunctionalTesting</td>
<td></td>
<td>4</td>
<td>Amity.Online.Module1_FunctionalTesting@6cd24612</td></tr>
<tr>
<td title='Amity.Online.Module1_FunctionalTesting.Corporate()'><b>Corporate</b><br>Test class: Amity.Online.Module1_FunctionalTesting</td>
<td></td>
<td>4</td>
<td>Amity.Online.Module1_FunctionalTesting@6cd24612</td></tr>
<tr>
<td title='Amity.Online.Module1_FunctionalTesting.BachelorofArtsTeluguMedium()'><b>BachelorofArtsTeluguMedium</b><br>Test class: Amity.Online.Module1_FunctionalTesting</td>
<td></td>
<td>4</td>
<td>Amity.Online.Module1_FunctionalTesting@6cd24612</td></tr>
<tr>
<td title='Amity.Online.Module1_FunctionalTesting.KnowMore()'><b>KnowMore</b><br>Test class: Amity.Online.Module1_FunctionalTesting</td>
<td></td>
<td>2</td>
<td>Amity.Online.Module1_FunctionalTesting@6cd24612</td></tr>
<tr>
<td title='Amity.Online.Module1_FunctionalTesting.Blog()'><b>Blog</b><br>Test class: Amity.Online.Module1_FunctionalTesting</td>
<td></td>
<td>4</td>
<td>Amity.Online.Module1_FunctionalTesting@6cd24612</td></tr>
<tr>
<td title='Amity.Online.Module1_FunctionalTesting.Contactus()'><b>Contactus</b><br>Test class: Amity.Online.Module1_FunctionalTesting</td>
<td></td>
<td>4</td>
<td>Amity.Online.Module1_FunctionalTesting@6cd24612</td></tr>
<tr>
<td title='Amity.Online.Module1_FunctionalTesting.BachelorofArtsMalayalamMedium()'><b>BachelorofArtsMalayalamMedium</b><br>Test class: Amity.Online.Module1_FunctionalTesting</td>
<td></td>
<td>3</td>
<td>Amity.Online.Module1_FunctionalTesting@6cd24612</td></tr>
<tr>
<td title='Amity.Online.Module1_FunctionalTesting.ProgramsHeaderButton()'><b>ProgramsHeaderButton</b><br>Test class: Amity.Online.Module1_FunctionalTesting</td>
<td></td>
<td>2</td>
<td>Amity.Online.Module1_FunctionalTesting@6cd24612</td></tr>
<tr>
<td title='Amity.Online.Module1_FunctionalTesting.BCAwithspecializationinDataAnalytics()'><b>BCAwithspecializationinDataAnalytics</b><br>Test class: Amity.Online.Module1_FunctionalTesting</td>
<td></td>
<td>5</td>
<td>Amity.Online.Module1_FunctionalTesting@6cd24612</td></tr>
<tr>
<td title='Amity.Online.Module1_FunctionalTesting.ViewAllButton()'><b>ViewAllButton</b><br>Test class: Amity.Online.Module1_FunctionalTesting</td>
<td></td>
<td>2</td>
<td>Amity.Online.Module1_FunctionalTesting@6cd24612</td></tr>
<tr>
<td title='Amity.Online.Module1_FunctionalTesting.CareerServices()'><b>CareerServices</b><br>Test class: Amity.Online.Module1_FunctionalTesting</td>
<td></td>
<td>4</td>
<td>Amity.Online.Module1_FunctionalTesting@6cd24612</td></tr>
<tr>
<td title='Amity.Online.Module1_FunctionalTesting.TermsandConditions()'><b>TermsandConditions</b><br>Test class: Amity.Online.Module1_FunctionalTesting</td>
<td></td>
<td>4</td>
<td>Amity.Online.Module1_FunctionalTesting@6cd24612</td></tr>
</table><p>
</body>
</html>