<?xml version="1.0" encoding="UTF-8"?>
<!-- Generated by org.testng.reporters.JUnitXMLReporter -->
<testsuite ignored="0" hostname="Jatin-Mezash-LPT" failures="1" tests="44" name="Default test" time="280.531" errors="0" timestamp="2024-11-07T14:58:27 IST">
  <testcase classname="Amity.Online.Module1_FunctionalTesting" name="AmityLogo" time="0.178">
    <failure type="java.lang.AssertionError" message="expected [true] but found [false]">
      <![CDATA[java.lang.AssertionError: expected [true] but found [false]
at org.testng.Assert.fail(Assert.java:111)
at org.testng.Assert.failNotEquals(Assert.java:1578)
at org.testng.Assert.assertTrue(Assert.java:57)
at org.testng.Assert.assertTrue(Assert.java:67)
at Amity.Online.Module1_FunctionalTesting.AmityLogo(Module1_FunctionalTesting.java:93)
at java.base/jdk.internal.reflect.DirectMethodHandleAccessor.invoke(DirectMethodHandleAccessor.java:103)
at java.base/java.lang.reflect.Method.invoke(Method.java:580)
at org.testng.internal.invokers.MethodInvocationHelper.invokeMethod(MethodInvocationHelper.java:139)
at org.testng.internal.invokers.TestInvoker.invokeMethod(TestInvoker.java:664)
at org.testng.internal.invokers.TestInvoker.invokeTestMethod(TestInvoker.java:228)
at org.testng.internal.invokers.MethodRunner.runInSequence(MethodRunner.java:63)
at org.testng.internal.invokers.TestInvoker$MethodInvocationAgent.invoke(TestInvoker.java:961)
at org.testng.internal.invokers.TestInvoker.invokeTestMethods(TestInvoker.java:201)
at org.testng.internal.invokers.TestMethodWorker.invokeTestMethods(TestMethodWorker.java:148)
at org.testng.internal.invokers.TestMethodWorker.run(TestMethodWorker.java:128)
at java.base/java.util.ArrayList.forEach(ArrayList.java:1597)
at org.testng.TestRunner.privateRun(TestRunner.java:819)
at org.testng.TestRunner.run(TestRunner.java:619)
at org.testng.SuiteRunner.runTest(SuiteRunner.java:443)
at org.testng.SuiteRunner.runSequentially(SuiteRunner.java:437)
at org.testng.SuiteRunner.privateRun(SuiteRunner.java:397)
at org.testng.SuiteRunner.run(SuiteRunner.java:336)
at org.testng.SuiteRunnerWorker.runSuite(SuiteRunnerWorker.java:52)
at org.testng.SuiteRunnerWorker.run(SuiteRunnerWorker.java:95)
at org.testng.TestNG.runSuitesSequentially(TestNG.java:1301)
at org.testng.TestNG.runSuitesLocally(TestNG.java:1228)
at org.testng.TestNG.runSuites(TestNG.java:1134)
at org.testng.TestNG.run(TestNG.java:1101)
at org.testng.remote.AbstractRemoteTestNG.run(AbstractRemoteTestNG.java:115)
at org.testng.remote.RemoteTestNG.initAndRun(RemoteTestNG.java:293)
at org.testng.remote.RemoteTestNG.main(RemoteTestNG.java:91)
]]>
    </failure>
  </testcase> <!-- AmityLogo -->
  <testcase classname="Amity.Online.Module1_FunctionalTesting" name="ProgramsHeaderButton" time="2.73"/>
  <testcase classname="Amity.Online.Module1_FunctionalTesting" name="CareerServicesHeaderButton" time="2.449"/>
  <testcase classname="Amity.Online.Module1_FunctionalTesting" name="AdvantagesHeaderButton" time="0.981"/>
  <testcase classname="Amity.Online.Module1_FunctionalTesting" name="SearchHeaderButton" time="0.278"/>
  <testcase classname="Amity.Online.Module1_FunctionalTesting" name="CallusHeaderButton" time="3.014"/>
  <testcase classname="Amity.Online.Module1_FunctionalTesting" name="StudentLoginHeaderButton" time="2.425"/>
  <testcase classname="Amity.Online.Module1_FunctionalTesting" name="ApplyNowHeaderButton" time="6.408"/>
  <testcase classname="Amity.Online.Module1_FunctionalTesting" name="ApplyNowHerocardButton" time="5.566"/>
  <testcase classname="Amity.Online.Module1_FunctionalTesting" name="Callusicon" time="7.927"/>
  <testcase classname="Amity.Online.Module1_FunctionalTesting" name="WhatsappIcon" time="3.512"/>
  <testcase classname="Amity.Online.Module1_FunctionalTesting" name="ViewAllButton" time="2.381"/>
  <testcase classname="Amity.Online.Module1_FunctionalTesting" name="RequestAcallButton" time="3.108"/>
  <testcase classname="Amity.Online.Module1_FunctionalTesting" name="ViewAllStayInformed" time="1.454"/>
  <testcase classname="Amity.Online.Module1_FunctionalTesting" name="ViewAllLatestBlog" time="0.992"/>
  <testcase classname="Amity.Online.Module1_FunctionalTesting" name="KnowMore" time="2.774"/>
  <testcase classname="Amity.Online.Module1_FunctionalTesting" name="ApplyNowButtonBlueBanner" time="4.475"/>
  <testcase classname="Amity.Online.Module1_FunctionalTesting" name="Aboutus" time="4.842"/>
  <testcase classname="Amity.Online.Module1_FunctionalTesting" name="CareerServices" time="4.899"/>
  <testcase classname="Amity.Online.Module1_FunctionalTesting" name="StudentStories" time="4.979"/>
  <testcase classname="Amity.Online.Module1_FunctionalTesting" name="Leadership" time="4.752"/>
  <testcase classname="Amity.Online.Module1_FunctionalTesting" name="Corporate" time="4.876"/>
  <testcase classname="Amity.Online.Module1_FunctionalTesting" name="Contactus" time="4.795"/>
  <testcase classname="Amity.Online.Module1_FunctionalTesting" name="TermsandConditions" time="4.84"/>
  <testcase classname="Amity.Online.Module1_FunctionalTesting" name="StudentSupport" time="6.482"/>
  <testcase classname="Amity.Online.Module1_FunctionalTesting" name="IntellectualProperty" time="8.864"/>
  <testcase classname="Amity.Online.Module1_FunctionalTesting" name="UGCApprovals" time="4.925"/>
  <testcase classname="Amity.Online.Module1_FunctionalTesting" name="Resource" time="7.495"/>
  <testcase classname="Amity.Online.Module1_FunctionalTesting" name="Blog" time="4.618"/>
  <testcase classname="Amity.Online.Module1_FunctionalTesting" name="Media" time="7.129"/>
  <testcase classname="Amity.Online.Module1_FunctionalTesting" name="BachelorofComputerApplications" time="4.636"/>
  <testcase classname="Amity.Online.Module1_FunctionalTesting" name="BCAwithspecializationinCloudandSecurity" time="4.899"/>
  <testcase classname="Amity.Online.Module1_FunctionalTesting" name="BCAwithspecializationinDataAnalytics" time="5.687"/>
  <testcase classname="Amity.Online.Module1_FunctionalTesting" name="BachelorofBusinessAdministration" time="3.896"/>
  <testcase classname="Amity.Online.Module1_FunctionalTesting" name="BachelorofArtsJournalismandMasscommunication" time="4.352"/>
  <testcase classname="Amity.Online.Module1_FunctionalTesting" name="BachelorofCommerce" time="3.966"/>
  <testcase classname="Amity.Online.Module1_FunctionalTesting" name="BachelorofArts" time="3.708"/>
  <testcase classname="Amity.Online.Module1_FunctionalTesting" name="BachelorofArtKannadaMedium" time="4.165"/>
  <testcase classname="Amity.Online.Module1_FunctionalTesting" name="BachelorofArtsMalayalamMedium" time="3.943"/>
  <testcase classname="Amity.Online.Module1_FunctionalTesting" name="BachelorofArtsTamilMedium" time="4.292"/>
  <testcase classname="Amity.Online.Module1_FunctionalTesting" name="BachelorofArtsTeluguMedium" time="4.059"/>
  <testcase classname="Amity.Online.Module1_FunctionalTesting" name="BachelorofArtsHindiMedium" time="3.804"/>
  <testcase classname="Amity.Online.Module1_FunctionalTesting" name="BComwithSpecializationinInternationalFinanceandAccounting" time="4.759"/>
  <testcase classname="Amity.Online.Module1_FunctionalTesting" name="BachelorOfCommerceHonours" time="3.964"/>
</testsuite> <!-- Default test -->
