<?xml version="1.0" encoding="UTF-8"?>
<testng-results ignored="0" total="3" passed="1" failed="2" skipped="0">
  <reporter-output>
  </reporter-output>
  <suite started-at="2024-10-15T17:49:52 IST" name="Default suite" finished-at="2024-10-15T17:50:14 IST" duration-ms="21307">
    <groups>
    </groups>
    <test started-at="2024-10-15T17:49:52 IST" name="Default test" finished-at="2024-10-15T17:50:14 IST" duration-ms="21307">
      <class name="Amity.Online.Module1_FunctionalTesting">
        <test-method is-config="true" signature="GenerateReport()[pri:0, instance:Amity.Online.Module1_FunctionalTesting@6f15d60e]" started-at="2024-10-15T17:49:52 IST" name="GenerateReport" finished-at="2024-10-15T17:49:53 IST" duration-ms="221" status="PASS">
          <reporter-output>
          </reporter-output>
        </test-method> <!-- GenerateReport -->
        <test-method is-config="true" signature="LaunchBrowser()[pri:0, instance:Amity.Online.Module1_FunctionalTesting@6f15d60e]" started-at="2024-10-15T17:49:53 IST" name="LaunchBrowser" finished-at="2024-10-15T17:49:55 IST" duration-ms="2718" status="PASS">
          <reporter-output>
          </reporter-output>
        </test-method> <!-- LaunchBrowser -->
        <test-method signature="BachelorofArtsHindiMedium()[pri:42, instance:Amity.Online.Module1_FunctionalTesting@6f15d60e]" started-at="2024-10-15T17:49:55 IST" name="BachelorofArtsHindiMedium" finished-at="2024-10-15T17:49:59 IST" duration-ms="3827" status="FAIL">
          <exception class="java.lang.AssertionError">
            <message>
              <![CDATA[Assertion error occurred: expected [true] but found [false]]]>
            </message>
            <full-stacktrace>
              <![CDATA[java.lang.AssertionError: Assertion error occurred: expected [true] but found [false]
at org.testng.Assert.fail(Assert.java:111)
at Amity.Online.Module1_FunctionalTesting.BachelorofArtsHindiMedium(Module1_FunctionalTesting.java:1922)
at java.base/jdk.internal.reflect.DirectMethodHandleAccessor.invoke(DirectMethodHandleAccessor.java:103)
at java.base/java.lang.reflect.Method.invoke(Method.java:580)
at org.testng.internal.invokers.MethodInvocationHelper.invokeMethod(MethodInvocationHelper.java:139)
at org.testng.internal.invokers.TestInvoker.invokeMethod(TestInvoker.java:664)
at org.testng.internal.invokers.TestInvoker.invokeTestMethod(TestInvoker.java:228)
at org.testng.internal.invokers.MethodRunner.runInSequence(MethodRunner.java:63)
at org.testng.internal.invokers.TestInvoker$MethodInvocationAgent.invoke(TestInvoker.java:961)
at org.testng.internal.invokers.TestInvoker.invokeTestMethods(TestInvoker.java:201)
at org.testng.internal.invokers.TestMethodWorker.invokeTestMethods(TestMethodWorker.java:148)
at org.testng.internal.invokers.TestMethodWorker.run(TestMethodWorker.java:128)
at java.base/java.util.ArrayList.forEach(ArrayList.java:1597)
at org.testng.TestRunner.privateRun(TestRunner.java:819)
at org.testng.TestRunner.run(TestRunner.java:619)
at org.testng.SuiteRunner.runTest(SuiteRunner.java:443)
at org.testng.SuiteRunner.runSequentially(SuiteRunner.java:437)
at org.testng.SuiteRunner.privateRun(SuiteRunner.java:397)
at org.testng.SuiteRunner.run(SuiteRunner.java:336)
at org.testng.SuiteRunnerWorker.runSuite(SuiteRunnerWorker.java:52)
at org.testng.SuiteRunnerWorker.run(SuiteRunnerWorker.java:95)
at org.testng.TestNG.runSuitesSequentially(TestNG.java:1301)
at org.testng.TestNG.runSuitesLocally(TestNG.java:1228)
at org.testng.TestNG.runSuites(TestNG.java:1134)
at org.testng.TestNG.run(TestNG.java:1101)
at org.testng.remote.AbstractRemoteTestNG.run(AbstractRemoteTestNG.java:115)
at org.testng.remote.RemoteTestNG.initAndRun(RemoteTestNG.java:293)
at org.testng.remote.RemoteTestNG.main(RemoteTestNG.java:91)
]]>
            </full-stacktrace>
          </exception> <!-- java.lang.AssertionError -->
          <reporter-output>
          </reporter-output>
        </test-method> <!-- BachelorofArtsHindiMedium -->
        <test-method is-config="true" signature="CloseBrowser(org.testng.ITestResult)[pri:0, instance:Amity.Online.Module1_FunctionalTesting@6f15d60e]" started-at="2024-10-15T17:49:59 IST" name="CloseBrowser" finished-at="2024-10-15T17:50:00 IST" duration-ms="880" status="PASS">
          <params>
            <param index="0">
              <value>
                <![CDATA[[TestResult name=BachelorofArtsHindiMedium status=FAILURE method=Module1_FunctionalTesting.BachelorofArtsHindiMedium()[pri:42, instance:Amity.Online.Module1_FunctionalTesting@6f15d60e] output={null}]]]>
              </value>
            </param>
          </params>
          <reporter-output>
          </reporter-output>
        </test-method> <!-- CloseBrowser -->
        <test-method is-config="true" signature="LaunchBrowser()[pri:0, instance:Amity.Online.Module1_FunctionalTesting@6f15d60e]" started-at="2024-10-15T17:50:00 IST" name="LaunchBrowser" finished-at="2024-10-15T17:50:02 IST" duration-ms="1643" status="PASS">
          <reporter-output>
          </reporter-output>
        </test-method> <!-- LaunchBrowser -->
        <test-method signature="BComwithSpecializationinInternationalFinanceandAccounting()[pri:43, instance:Amity.Online.Module1_FunctionalTesting@6f15d60e]" started-at="2024-10-15T17:50:02 IST" name="BComwithSpecializationinInternationalFinanceandAccounting" finished-at="2024-10-15T17:50:06 IST" duration-ms="4782" status="FAIL">
          <exception class="java.lang.AssertionError">
            <message>
              <![CDATA[Assertion error occurred: expected [true] but found [false]]]>
            </message>
            <full-stacktrace>
              <![CDATA[java.lang.AssertionError: Assertion error occurred: expected [true] but found [false]
at org.testng.Assert.fail(Assert.java:111)
at Amity.Online.Module1_FunctionalTesting.BComwithSpecializationinInternationalFinanceandAccounting(Module1_FunctionalTesting.java:1963)
at java.base/jdk.internal.reflect.DirectMethodHandleAccessor.invoke(DirectMethodHandleAccessor.java:103)
at java.base/java.lang.reflect.Method.invoke(Method.java:580)
at org.testng.internal.invokers.MethodInvocationHelper.invokeMethod(MethodInvocationHelper.java:139)
at org.testng.internal.invokers.TestInvoker.invokeMethod(TestInvoker.java:664)
at org.testng.internal.invokers.TestInvoker.invokeTestMethod(TestInvoker.java:228)
at org.testng.internal.invokers.MethodRunner.runInSequence(MethodRunner.java:63)
at org.testng.internal.invokers.TestInvoker$MethodInvocationAgent.invoke(TestInvoker.java:961)
at org.testng.internal.invokers.TestInvoker.invokeTestMethods(TestInvoker.java:201)
at org.testng.internal.invokers.TestMethodWorker.invokeTestMethods(TestMethodWorker.java:148)
at org.testng.internal.invokers.TestMethodWorker.run(TestMethodWorker.java:128)
at java.base/java.util.ArrayList.forEach(ArrayList.java:1597)
at org.testng.TestRunner.privateRun(TestRunner.java:819)
at org.testng.TestRunner.run(TestRunner.java:619)
at org.testng.SuiteRunner.runTest(SuiteRunner.java:443)
at org.testng.SuiteRunner.runSequentially(SuiteRunner.java:437)
at org.testng.SuiteRunner.privateRun(SuiteRunner.java:397)
at org.testng.SuiteRunner.run(SuiteRunner.java:336)
at org.testng.SuiteRunnerWorker.runSuite(SuiteRunnerWorker.java:52)
at org.testng.SuiteRunnerWorker.run(SuiteRunnerWorker.java:95)
at org.testng.TestNG.runSuitesSequentially(TestNG.java:1301)
at org.testng.TestNG.runSuitesLocally(TestNG.java:1228)
at org.testng.TestNG.runSuites(TestNG.java:1134)
at org.testng.TestNG.run(TestNG.java:1101)
at org.testng.remote.AbstractRemoteTestNG.run(AbstractRemoteTestNG.java:115)
at org.testng.remote.RemoteTestNG.initAndRun(RemoteTestNG.java:293)
at org.testng.remote.RemoteTestNG.main(RemoteTestNG.java:91)
]]>
            </full-stacktrace>
          </exception> <!-- java.lang.AssertionError -->
          <reporter-output>
          </reporter-output>
        </test-method> <!-- BComwithSpecializationinInternationalFinanceandAccounting -->
        <test-method is-config="true" signature="CloseBrowser(org.testng.ITestResult)[pri:0, instance:Amity.Online.Module1_FunctionalTesting@6f15d60e]" started-at="2024-10-15T17:50:06 IST" name="CloseBrowser" finished-at="2024-10-15T17:50:07 IST" duration-ms="859" status="PASS">
          <params>
            <param index="0">
              <value>
                <![CDATA[[TestResult name=BComwithSpecializationinInternationalFinanceandAccounting status=FAILURE method=Module1_FunctionalTesting.BComwithSpecializationinInternationalFinanceandAccounting()[pri:43, instance:Amity.Online.Module1_FunctionalTesting@6f15d60e] output={null}]]]>
              </value>
            </param>
          </params>
          <reporter-output>
          </reporter-output>
        </test-method> <!-- CloseBrowser -->
        <test-method is-config="true" signature="LaunchBrowser()[pri:0, instance:Amity.Online.Module1_FunctionalTesting@6f15d60e]" started-at="2024-10-15T17:50:07 IST" name="LaunchBrowser" finished-at="2024-10-15T17:50:09 IST" duration-ms="1879" status="PASS">
          <reporter-output>
          </reporter-output>
        </test-method> <!-- LaunchBrowser -->
        <test-method signature="BachelorOfCommerceHonours()[pri:44, instance:Amity.Online.Module1_FunctionalTesting@6f15d60e]" started-at="2024-10-15T17:50:09 IST" name="BachelorOfCommerceHonours" finished-at="2024-10-15T17:50:13 IST" duration-ms="3914" status="PASS">
          <reporter-output>
          </reporter-output>
        </test-method> <!-- BachelorOfCommerceHonours -->
        <test-method is-config="true" signature="CloseBrowser(org.testng.ITestResult)[pri:0, instance:Amity.Online.Module1_FunctionalTesting@6f15d60e]" started-at="2024-10-15T17:50:13 IST" name="CloseBrowser" finished-at="2024-10-15T17:50:13 IST" duration-ms="267" status="PASS">
          <params>
            <param index="0">
              <value>
                <![CDATA[[TestResult name=BachelorOfCommerceHonours status=SUCCESS method=Module1_FunctionalTesting.BachelorOfCommerceHonours()[pri:44, instance:Amity.Online.Module1_FunctionalTesting@6f15d60e] output={null}]]]>
              </value>
            </param>
          </params>
          <reporter-output>
          </reporter-output>
        </test-method> <!-- CloseBrowser -->
        <test-method is-config="true" signature="CloseReport()[pri:0, instance:Amity.Online.Module1_FunctionalTesting@6f15d60e]" started-at="2024-10-15T17:50:13 IST" name="CloseReport" finished-at="2024-10-15T17:50:14 IST" duration-ms="268" status="PASS">
          <reporter-output>
          </reporter-output>
        </test-method> <!-- CloseReport -->
      </class> <!-- Amity.Online.Module1_FunctionalTesting -->
    </test> <!-- Default test -->
  </suite> <!-- Default suite -->
</testng-results>
