<?xml version="1.0" encoding="UTF-8"?>
<!-- Generated by org.testng.reporters.JUnitReportReporter -->
<testsuite hostname="Jatin-Mezash-LPT" failures="1" tests="44" name="Amity.Online.Module1_FunctionalTesting" time="279.526" errors="0" timestamp="2024-11-07T14:58:27 IST" skipped="0">
  <testcase classname="Amity.Online.Module1_FunctionalTesting" name="AmityLogo" time="1.713">
    <failure message="expected [true] but found [false]" type="java.lang.AssertionError">
      <![CDATA[java.lang.AssertionError: expected [true] but found [false]
at org.testng.Assert.fail(Assert.java:111)
at org.testng.Assert.failNotEquals(Assert.java:1578)
at org.testng.Assert.assertTrue(Assert.java:57)
at org.testng.Assert.assertTrue(Assert.java:67)
at Amity.Online.Module1_FunctionalTesting.AmityLogo(Module1_FunctionalTesting.java:93)
at java.base/jdk.internal.reflect.DirectMethodHandleAccessor.invoke(DirectMethodHandleAccessor.java:103)
at java.base/java.lang.reflect.Method.invoke(Method.java:580)
at org.testng.internal.invokers.MethodInvocationHelper.invokeMethod(MethodInvocationHelper.java:139)
at org.testng.internal.invokers.TestInvoker.invokeMethod(TestInvoker.java:664)
at org.testng.internal.invokers.TestInvoker.invokeTestMethod(TestInvoker.java:228)
at org.testng.internal.invokers.MethodRunner.runInSequence(MethodRunner.java:63)
at org.testng.internal.invokers.TestInvoker$MethodInvocationAgent.invoke(TestInvoker.java:961)
at org.testng.internal.invokers.TestInvoker.invokeTestMethods(TestInvoker.java:201)
at org.testng.internal.invokers.TestMethodWorker.invokeTestMethods(TestMethodWorker.java:148)
at org.testng.internal.invokers.TestMethodWorker.run(TestMethodWorker.java:128)
at java.base/java.util.ArrayList.forEach(ArrayList.java:1597)
at org.testng.TestRunner.privateRun(TestRunner.java:819)
at org.testng.TestRunner.run(TestRunner.java:619)
at org.testng.SuiteRunner.runTest(SuiteRunner.java:443)
at org.testng.SuiteRunner.runSequentially(SuiteRunner.java:437)
at org.testng.SuiteRunner.privateRun(SuiteRunner.java:397)
at org.testng.SuiteRunner.run(SuiteRunner.java:336)
at org.testng.SuiteRunnerWorker.runSuite(SuiteRunnerWorker.java:52)
at org.testng.SuiteRunnerWorker.run(SuiteRunnerWorker.java:95)
at org.testng.TestNG.runSuitesSequentially(TestNG.java:1301)
at org.testng.TestNG.runSuitesLocally(TestNG.java:1228)
at org.testng.TestNG.runSuites(TestNG.java:1134)
at org.testng.TestNG.run(TestNG.java:1101)
at org.testng.remote.AbstractRemoteTestNG.run(AbstractRemoteTestNG.java:115)
at org.testng.remote.RemoteTestNG.initAndRun(RemoteTestNG.java:293)
at org.testng.remote.RemoteTestNG.main(RemoteTestNG.java:91)
]]>
    </failure>
  </testcase> <!-- AmityLogo -->
  <testcase classname="Amity.Online.Module1_FunctionalTesting" name="ProgramsHeaderButton" time="5.396"/>
  <testcase classname="Amity.Online.Module1_FunctionalTesting" name="CareerServicesHeaderButton" time="4.066"/>
  <testcase classname="Amity.Online.Module1_FunctionalTesting" name="AdvantagesHeaderButton" time="2.753"/>
  <testcase classname="Amity.Online.Module1_FunctionalTesting" name="SearchHeaderButton" time="3.497"/>
  <testcase classname="Amity.Online.Module1_FunctionalTesting" name="CallusHeaderButton" time="5.536"/>
  <testcase classname="Amity.Online.Module1_FunctionalTesting" name="StudentLoginHeaderButton" time="5.788"/>
  <testcase classname="Amity.Online.Module1_FunctionalTesting" name="ApplyNowHeaderButton" time="8.526"/>
  <testcase classname="Amity.Online.Module1_FunctionalTesting" name="ApplyNowHerocardButton" time="7.613"/>
  <testcase classname="Amity.Online.Module1_FunctionalTesting" name="Callusicon" time="9.526"/>
  <testcase classname="Amity.Online.Module1_FunctionalTesting" name="WhatsappIcon" time="5.797"/>
  <testcase classname="Amity.Online.Module1_FunctionalTesting" name="ViewAllButton" time="4.703"/>
  <testcase classname="Amity.Online.Module1_FunctionalTesting" name="RequestAcallButton" time="5.101"/>
  <testcase classname="Amity.Online.Module1_FunctionalTesting" name="ViewAllStayInformed" time="3.697"/>
  <testcase classname="Amity.Online.Module1_FunctionalTesting" name="ViewAllLatestBlog" time="2.487"/>
  <testcase classname="Amity.Online.Module1_FunctionalTesting" name="KnowMore" time="5.419"/>
  <testcase classname="Amity.Online.Module1_FunctionalTesting" name="ApplyNowButtonBlueBanner" time="6.524"/>
  <testcase classname="Amity.Online.Module1_FunctionalTesting" name="Aboutus" time="6.537"/>
  <testcase classname="Amity.Online.Module1_FunctionalTesting" name="CareerServices" time="6.795"/>
  <testcase classname="Amity.Online.Module1_FunctionalTesting" name="StudentStories" time="6.624"/>
  <testcase classname="Amity.Online.Module1_FunctionalTesting" name="Leadership" time="6.590"/>
  <testcase classname="Amity.Online.Module1_FunctionalTesting" name="Corporate" time="6.543"/>
  <testcase classname="Amity.Online.Module1_FunctionalTesting" name="Contactus" time="7.020"/>
  <testcase classname="Amity.Online.Module1_FunctionalTesting" name="TermsandConditions" time="6.591"/>
  <testcase classname="Amity.Online.Module1_FunctionalTesting" name="StudentSupport" time="8.076"/>
  <testcase classname="Amity.Online.Module1_FunctionalTesting" name="IntellectualProperty" time="12.693"/>
  <testcase classname="Amity.Online.Module1_FunctionalTesting" name="UGCApprovals" time="7.456"/>
  <testcase classname="Amity.Online.Module1_FunctionalTesting" name="Resource" time="9.497"/>
  <testcase classname="Amity.Online.Module1_FunctionalTesting" name="Blog" time="10.099"/>
  <testcase classname="Amity.Online.Module1_FunctionalTesting" name="Media" time="10.954"/>
  <testcase classname="Amity.Online.Module1_FunctionalTesting" name="BachelorofComputerApplications" time="6.250"/>
  <testcase classname="Amity.Online.Module1_FunctionalTesting" name="BCAwithspecializationinCloudandSecurity" time="6.680"/>
  <testcase classname="Amity.Online.Module1_FunctionalTesting" name="BCAwithspecializationinDataAnalytics" time="7.273"/>
  <testcase classname="Amity.Online.Module1_FunctionalTesting" name="BachelorofBusinessAdministration" time="5.665"/>
  <testcase classname="Amity.Online.Module1_FunctionalTesting" name="BachelorofArtsJournalismandMasscommunication" time="5.688"/>
  <testcase classname="Amity.Online.Module1_FunctionalTesting" name="BachelorofCommerce" time="5.740"/>
  <testcase classname="Amity.Online.Module1_FunctionalTesting" name="BachelorofArts" time="6.414"/>
  <testcase classname="Amity.Online.Module1_FunctionalTesting" name="BachelorofArtKannadaMedium" time="6.076"/>
  <testcase classname="Amity.Online.Module1_FunctionalTesting" name="BachelorofArtsMalayalamMedium" time="5.924"/>
  <testcase classname="Amity.Online.Module1_FunctionalTesting" name="BachelorofArtsTamilMedium" time="6.617"/>
  <testcase classname="Amity.Online.Module1_FunctionalTesting" name="BachelorofArtsTeluguMedium" time="5.809"/>
  <testcase classname="Amity.Online.Module1_FunctionalTesting" name="BachelorofArtsHindiMedium" time="5.625"/>
  <testcase classname="Amity.Online.Module1_FunctionalTesting" name="BComwithSpecializationinInternationalFinanceandAccounting" time="6.510"/>
  <testcase classname="Amity.Online.Module1_FunctionalTesting" name="BachelorOfCommerceHonours" time="5.638"/>
</testsuite> <!-- Amity.Online.Module1_FunctionalTesting -->
